<?xml version="1.0" encoding="UTF-8"?>
<!-- Generated by org.testng.reporters.JUnitXMLReporter -->
<testsuite ignored="0" hostname="LTP188" failures="0" tests="2" name="Different testng feature test" time="25.68" errors="0" timestamp="14 Aug 2018 14:19:50 GMT">
  <testcase classname="com.crm.qa.testcases.HomePageTest" name="homePageTitleTest" time="0.025"/>
  <testcase classname="com.crm.qa.testcases.DealsPageTest" name="funcCheckButton" time="0.033"/>
</testsuite> <!-- Different testng feature test -->
