<?xml version="1.0" encoding="UTF-8"?>
<!-- Generated by org.testng.reporters.JUnitXMLReporter -->
<testsuite hostname="LTP188" ignored="0" name="HomePageTest" tests="5" failures="0" timestamp="20 Aug 2018 08:39:06 GMT" time="109.841" errors="0">
  <testcase name="homePageTitleTest" time="0.018" classname="com.crm.qa.testcases.HomePageTest"/>
  <testcase name="customerIdTest" time="0.042" classname="com.crm.qa.testcases.HomePageTest"/>
  <testcase name="cartPage" time="5.078" classname="com.crm.qa.testcases.HomePageTest"/>
  <testcase name="searchPage" time="5.161" classname="com.crm.qa.testcases.HomePageTest"/>
  <testcase name="dealPage" time="10.094" classname="com.crm.qa.testcases.HomePageTest"/>
</testsuite> <!-- HomePageTest -->
