<?xml version="1.0" encoding="UTF-8"?>
<!-- Generated by org.testng.reporters.JUnitXMLReporter -->
<testsuite hostname="LTP188" ignored="0" name="LoginPage" tests="3" failures="0" timestamp="20 Aug 2018 08:37:16 GMT" time="43.495" errors="0">
  <testcase name="loginPageTitleTest" time="0.024" classname="com.crm.qa.testcases.LoginPageTest"/>
  <testcase name="crmLogoTest" time="0.034" classname="com.crm.qa.testcases.LoginPageTest"/>
  <testcase name="loginTest" time="8.293" classname="com.crm.qa.testcases.LoginPageTest"/>
</testsuite> <!-- LoginPage -->
