<?xml version="1.0" encoding="UTF-8"?>
<!-- Generated by org.testng.reporters.JUnitXMLReporter -->
<testsuite hostname="LTP188" ignored="0" name="Different testng feature test" tests="21" failures="0" timestamp="04 Sep 2018 16:40:35 GMT" time="38.733" errors="0">
  <testcase name="test1" time="0.007" classname="com.testng.test.ExceptionTimeOutTest"/>
  <testcase name="googleTitleTest" time="0.007" classname="com.testng.test.GoogleTest"/>
  <testcase name="googleTitleTest" time="0.011" classname="com.testng.test.GoogleTitleTest"/>
  <testcase name="sum" time="0.001" classname="com.testng.test.InvocationCountTest"/>
  <testcase name="sum" time="0.001" classname="com.testng.test.InvocationCountTest"/>
  <testcase name="sum" time="0.002" classname="com.testng.test.InvocationCountTest"/>
  <testcase name="sum" time="0.003" classname="com.testng.test.InvocationCountTest"/>
  <testcase name="sum" time="0.004" classname="com.testng.test.InvocationCountTest"/>
  <testcase name="sum" time="0.002" classname="com.testng.test.InvocationCountTest"/>
  <testcase name="sum" time="0.002" classname="com.testng.test.InvocationCountTest"/>
  <testcase name="sum" time="0.002" classname="com.testng.test.InvocationCountTest"/>
  <testcase name="sum" time="0.002" classname="com.testng.test.InvocationCountTest"/>
  <testcase name="sum" time="0.001" classname="com.testng.test.InvocationCountTest"/>
  <testcase name="googleTitleTest" time="0.003" classname="com.testng.test.TestNGBasics"/>
  <testcase name="searchTest" time="0.007" classname="com.testng.test.TestNGBasics"/>
  <testcase name="loginTest" time="0.003" classname="com.testng.test.TestNgFeatures"/>
  <testcase name="homepageTest" time="0.001" classname="com.testng.test.TestNgFeatures"/>
  <testcase name="menuTest" time="0.002" classname="com.testng.test.TestNgFeatures"/>
  <testcase name="registerPageTest" time="0.003" classname="com.testng.test.TestNgFeatures"/>
  <testcase name="googleLogoTest" time="0.031" classname="com.testng.test.GoogleTest"/>
  <testcase name="googleLogoTest" time="0.03" classname="com.testng.test.GoogleTitleTest"/>
</testsuite> <!-- Different testng feature test -->
