<?xml version="1.0" encoding="UTF-8"?>
<testng-results skipped="0" failed="0" ignored="0" total="21" passed="21">
  <reporter-output>
  </reporter-output>
  <suite name="TestNG Tutorial Suite" duration-ms="38733" started-at="2018-09-04T16:39:56Z" finished-at="2018-09-04T16:40:35Z">
    <groups>
    </groups>
    <test name="Different testng feature test" duration-ms="38733" started-at="2018-09-04T16:39:56Z" finished-at="2018-09-04T16:40:35Z">
      <class name="com.testng.test.GoogleTitleTest">
        <test-method status="PASS" signature="setUp()[pri:0, instance:com.testng.test.GoogleTitleTest@5faeada1]" name="setUp" is-config="true" duration-ms="9193" started-at="2018-09-04T16:40:05Z" finished-at="2018-09-04T16:40:14Z">
          <reporter-output>
          </reporter-output>
        </test-method> <!-- setUp -->
        <test-method status="PASS" signature="googleTitleTest()[pri:0, instance:com.testng.test.GoogleTitleTest@5faeada1]" name="googleTitleTest" duration-ms="11" started-at="2018-09-04T16:40:14Z" finished-at="2018-09-04T16:40:14Z">
          <reporter-output>
          </reporter-output>
        </test-method> <!-- googleTitleTest -->
        <test-method status="PASS" signature="tearDown()[pri:0, instance:com.testng.test.GoogleTitleTest@5faeada1]" name="tearDown" is-config="true" duration-ms="649" started-at="2018-09-04T16:40:14Z" finished-at="2018-09-04T16:40:15Z">
          <reporter-output>
          </reporter-output>
        </test-method> <!-- tearDown -->
        <test-method status="PASS" signature="setUp()[pri:0, instance:com.testng.test.GoogleTitleTest@5faeada1]" name="setUp" is-config="true" duration-ms="8871" started-at="2018-09-04T16:40:25Z" finished-at="2018-09-04T16:40:34Z">
          <reporter-output>
          </reporter-output>
        </test-method> <!-- setUp -->
        <test-method status="PASS" signature="googleLogoTest()[pri:1, instance:com.testng.test.GoogleTitleTest@5faeada1]" name="googleLogoTest" duration-ms="30" started-at="2018-09-04T16:40:34Z" finished-at="2018-09-04T16:40:34Z">
          <reporter-output>
          </reporter-output>
        </test-method> <!-- googleLogoTest -->
        <test-method status="PASS" signature="tearDown()[pri:0, instance:com.testng.test.GoogleTitleTest@5faeada1]" name="tearDown" is-config="true" duration-ms="644" started-at="2018-09-04T16:40:34Z" finished-at="2018-09-04T16:40:35Z">
          <reporter-output>
          </reporter-output>
        </test-method> <!-- tearDown -->
      </class> <!-- com.testng.test.GoogleTitleTest -->
      <class name="com.testng.test.TestNGBasics">
        <test-method status="PASS" signature="setUp()[pri:0, instance:com.testng.test.TestNGBasics@11438d26]" name="setUp" is-config="true" duration-ms="6" started-at="2018-09-04T16:39:56Z" finished-at="2018-09-04T16:39:56Z">
          <reporter-output>
          </reporter-output>
        </test-method> <!-- setUp -->
        <test-method status="PASS" signature="launchBrowser()[pri:0, instance:com.testng.test.TestNGBasics@11438d26]" name="launchBrowser" is-config="true" duration-ms="2" started-at="2018-09-04T16:39:56Z" finished-at="2018-09-04T16:39:56Z">
          <reporter-output>
          </reporter-output>
        </test-method> <!-- launchBrowser -->
        <test-method status="PASS" signature="login()[pri:0, instance:com.testng.test.TestNGBasics@11438d26]" name="login" is-config="true" duration-ms="0" started-at="2018-09-04T16:40:15Z" finished-at="2018-09-04T16:40:15Z">
          <reporter-output>
          </reporter-output>
        </test-method> <!-- login -->
        <test-method status="PASS" signature="enterURL()[pri:0, instance:com.testng.test.TestNGBasics@11438d26]" name="enterURL" is-config="true" duration-ms="2" started-at="2018-09-04T16:40:15Z" finished-at="2018-09-04T16:40:15Z">
          <reporter-output>
          </reporter-output>
        </test-method> <!-- enterURL -->
        <test-method status="PASS" signature="googleTitleTest()[pri:0, instance:com.testng.test.TestNGBasics@11438d26]" name="googleTitleTest" duration-ms="3" started-at="2018-09-04T16:40:15Z" finished-at="2018-09-04T16:40:15Z">
          <reporter-output>
          </reporter-output>
        </test-method> <!-- googleTitleTest -->
        <test-method status="PASS" signature="logOut()[pri:0, instance:com.testng.test.TestNGBasics@11438d26]" name="logOut" is-config="true" duration-ms="1" started-at="2018-09-04T16:40:15Z" finished-at="2018-09-04T16:40:15Z">
          <reporter-output>
          </reporter-output>
        </test-method> <!-- logOut -->
        <test-method status="PASS" signature="searchTest()[pri:0, instance:com.testng.test.TestNGBasics@11438d26]" name="searchTest" duration-ms="7" started-at="2018-09-04T16:40:15Z" finished-at="2018-09-04T16:40:15Z">
          <reporter-output>
          </reporter-output>
        </test-method> <!-- searchTest -->
        <test-method status="PASS" signature="enterURL()[pri:0, instance:com.testng.test.TestNGBasics@11438d26]" name="enterURL" is-config="true" duration-ms="0" started-at="2018-09-04T16:40:15Z" finished-at="2018-09-04T16:40:15Z">
          <reporter-output>
          </reporter-output>
        </test-method> <!-- enterURL -->
        <test-method status="PASS" signature="logOut()[pri:0, instance:com.testng.test.TestNGBasics@11438d26]" name="logOut" is-config="true" duration-ms="0" started-at="2018-09-04T16:40:15Z" finished-at="2018-09-04T16:40:15Z">
          <reporter-output>
          </reporter-output>
        </test-method> <!-- logOut -->
        <test-method status="PASS" signature="deleteAllCookies()[pri:0, instance:com.testng.test.TestNGBasics@11438d26]" name="deleteAllCookies" is-config="true" duration-ms="1" started-at="2018-09-04T16:40:15Z" finished-at="2018-09-04T16:40:15Z">
          <reporter-output>
          </reporter-output>
        </test-method> <!-- deleteAllCookies -->
        <test-method status="PASS" signature="closeBrowser()[pri:0, instance:com.testng.test.TestNGBasics@11438d26]" name="closeBrowser" is-config="true" duration-ms="1" started-at="2018-09-04T16:40:35Z" finished-at="2018-09-04T16:40:35Z">
          <reporter-output>
          </reporter-output>
        </test-method> <!-- closeBrowser -->
        <test-method status="PASS" signature="generateTestReport()[pri:0, instance:com.testng.test.TestNGBasics@11438d26]" name="generateTestReport" is-config="true" duration-ms="1" started-at="2018-09-04T16:40:35Z" finished-at="2018-09-04T16:40:35Z">
          <reporter-output>
          </reporter-output>
        </test-method> <!-- generateTestReport -->
      </class> <!-- com.testng.test.TestNGBasics -->
      <class name="com.testng.test.GoogleTest">
        <test-method status="PASS" signature="setUp()[pri:0, instance:com.testng.test.GoogleTest@7a1ebcd8]" name="setUp" is-config="true" duration-ms="8701" started-at="2018-09-04T16:39:56Z" finished-at="2018-09-04T16:40:05Z">
          <reporter-output>
          </reporter-output>
        </test-method> <!-- setUp -->
        <test-method status="PASS" signature="googleTitleTest()[pri:0, instance:com.testng.test.GoogleTest@7a1ebcd8]" name="googleTitleTest" duration-ms="7" started-at="2018-09-04T16:40:05Z" finished-at="2018-09-04T16:40:05Z">
          <reporter-output>
          </reporter-output>
        </test-method> <!-- googleTitleTest -->
        <test-method status="PASS" signature="tearDown()[pri:0, instance:com.testng.test.GoogleTest@7a1ebcd8]" name="tearDown" is-config="true" duration-ms="644" started-at="2018-09-04T16:40:05Z" finished-at="2018-09-04T16:40:05Z">
          <reporter-output>
          </reporter-output>
        </test-method> <!-- tearDown -->
        <test-method status="PASS" signature="setUp()[pri:0, instance:com.testng.test.GoogleTest@7a1ebcd8]" name="setUp" is-config="true" duration-ms="9195" started-at="2018-09-04T16:40:15Z" finished-at="2018-09-04T16:40:24Z">
          <reporter-output>
          </reporter-output>
        </test-method> <!-- setUp -->
        <test-method status="PASS" signature="googleLogoTest()[pri:1, instance:com.testng.test.GoogleTest@7a1ebcd8]" name="googleLogoTest" duration-ms="31" started-at="2018-09-04T16:40:24Z" finished-at="2018-09-04T16:40:24Z">
          <reporter-output>
          </reporter-output>
        </test-method> <!-- googleLogoTest -->
        <test-method status="PASS" signature="tearDown()[pri:0, instance:com.testng.test.GoogleTest@7a1ebcd8]" name="tearDown" is-config="true" duration-ms="639" started-at="2018-09-04T16:40:24Z" finished-at="2018-09-04T16:40:25Z">
          <reporter-output>
          </reporter-output>
        </test-method> <!-- tearDown -->
      </class> <!-- com.testng.test.GoogleTest -->
      <class name="com.testng.test.ExceptionTimeOutTest">
        <test-method status="PASS" signature="test1()[pri:0, instance:com.testng.test.ExceptionTimeOutTest@34cd072c]" name="test1" duration-ms="7" started-at="2018-09-04T16:39:56Z" finished-at="2018-09-04T16:39:56Z">
          <exception class="java.lang.NumberFormatException">
            <message>
              <![CDATA[For input string: "100A"]]>
            </message>
            <full-stacktrace>
              <![CDATA[java.lang.NumberFormatException: For input string: "100A"
at java.lang.NumberFormatException.forInputString(Unknown Source)
at java.lang.Integer.parseInt(Unknown Source)
at java.lang.Integer.parseInt(Unknown Source)
at com.testng.test.ExceptionTimeOutTest.test1(ExceptionTimeOutTest.java:22)
at sun.reflect.NativeMethodAccessorImpl.invoke0(Native Method)
at sun.reflect.NativeMethodAccessorImpl.invoke(Unknown Source)
at sun.reflect.DelegatingMethodAccessorImpl.invoke(Unknown Source)
at java.lang.reflect.Method.invoke(Unknown Source)
at org.testng.internal.MethodInvocationHelper.invokeMethod(MethodInvocationHelper.java:124)
at org.testng.internal.InvokeMethodRunnable.runOne(InvokeMethodRunnable.java:54)
at org.testng.internal.InvokeMethodRunnable.run(InvokeMethodRunnable.java:44)
at java.util.concurrent.Executors$RunnableAdapter.call(Unknown Source)
at java.util.concurrent.FutureTask.run(Unknown Source)
at java.util.concurrent.ThreadPoolExecutor.runWorker(Unknown Source)
at java.util.concurrent.ThreadPoolExecutor$Worker.run(Unknown Source)
at java.lang.Thread.run(Unknown Source)
]]>
            </full-stacktrace>
          </exception> <!-- java.lang.NumberFormatException -->
          <reporter-output>
          </reporter-output>
        </test-method> <!-- test1 -->
      </class> <!-- com.testng.test.ExceptionTimeOutTest -->
      <class name="com.testng.test.InvocationCountTest">
        <test-method status="PASS" signature="sum()[pri:0, instance:com.testng.test.InvocationCountTest@528931cf]" name="sum" duration-ms="1" started-at="2018-09-04T16:40:15Z" finished-at="2018-09-04T16:40:15Z">
          <reporter-output>
          </reporter-output>
        </test-method> <!-- sum -->
        <test-method status="PASS" signature="sum()[pri:0, instance:com.testng.test.InvocationCountTest@528931cf]" name="sum" duration-ms="1" started-at="2018-09-04T16:40:15Z" finished-at="2018-09-04T16:40:15Z">
          <reporter-output>
          </reporter-output>
        </test-method> <!-- sum -->
        <test-method status="PASS" signature="sum()[pri:0, instance:com.testng.test.InvocationCountTest@528931cf]" name="sum" duration-ms="2" started-at="2018-09-04T16:40:15Z" finished-at="2018-09-04T16:40:15Z">
          <reporter-output>
          </reporter-output>
        </test-method> <!-- sum -->
        <test-method status="PASS" signature="sum()[pri:0, instance:com.testng.test.InvocationCountTest@528931cf]" name="sum" duration-ms="3" started-at="2018-09-04T16:40:15Z" finished-at="2018-09-04T16:40:15Z">
          <reporter-output>
          </reporter-output>
        </test-method> <!-- sum -->
        <test-method status="PASS" signature="sum()[pri:0, instance:com.testng.test.InvocationCountTest@528931cf]" name="sum" duration-ms="4" started-at="2018-09-04T16:40:15Z" finished-at="2018-09-04T16:40:15Z">
          <reporter-output>
          </reporter-output>
        </test-method> <!-- sum -->
        <test-method status="PASS" signature="sum()[pri:0, instance:com.testng.test.InvocationCountTest@528931cf]" name="sum" duration-ms="2" started-at="2018-09-04T16:40:15Z" finished-at="2018-09-04T16:40:15Z">
          <reporter-output>
          </reporter-output>
        </test-method> <!-- sum -->
        <test-method status="PASS" signature="sum()[pri:0, instance:com.testng.test.InvocationCountTest@528931cf]" name="sum" duration-ms="2" started-at="2018-09-04T16:40:15Z" finished-at="2018-09-04T16:40:15Z">
          <reporter-output>
          </reporter-output>
        </test-method> <!-- sum -->
        <test-method status="PASS" signature="sum()[pri:0, instance:com.testng.test.InvocationCountTest@528931cf]" name="sum" duration-ms="2" started-at="2018-09-04T16:40:15Z" finished-at="2018-09-04T16:40:15Z">
          <reporter-output>
          </reporter-output>
        </test-method> <!-- sum -->
        <test-method status="PASS" signature="sum()[pri:0, instance:com.testng.test.InvocationCountTest@528931cf]" name="sum" duration-ms="2" started-at="2018-09-04T16:40:15Z" finished-at="2018-09-04T16:40:15Z">
          <reporter-output>
          </reporter-output>
        </test-method> <!-- sum -->
        <test-method status="PASS" signature="sum()[pri:0, instance:com.testng.test.InvocationCountTest@528931cf]" name="sum" duration-ms="1" started-at="2018-09-04T16:40:15Z" finished-at="2018-09-04T16:40:15Z">
          <reporter-output>
          </reporter-output>
        </test-method> <!-- sum -->
      </class> <!-- com.testng.test.InvocationCountTest -->
      <class name="com.testng.test.TestNgFeatures">
        <test-method status="PASS" signature="loginTest()[pri:0, instance:com.testng.test.TestNgFeatures@ea1a8d5]" name="loginTest" duration-ms="3" started-at="2018-09-04T16:40:15Z" finished-at="2018-09-04T16:40:15Z">
          <reporter-output>
          </reporter-output>
        </test-method> <!-- loginTest -->
        <test-method status="PASS" signature="homepageTest()[pri:0, instance:com.testng.test.TestNgFeatures@ea1a8d5]" name="homepageTest" duration-ms="1" started-at="2018-09-04T16:40:15Z" depends-on-methods="com.testng.test.TestNgFeatures.loginTest" finished-at="2018-09-04T16:40:15Z">
          <reporter-output>
          </reporter-output>
        </test-method> <!-- homepageTest -->
        <test-method status="PASS" signature="menuTest()[pri:0, instance:com.testng.test.TestNgFeatures@ea1a8d5]" name="menuTest" duration-ms="2" started-at="2018-09-04T16:40:15Z" depends-on-methods="com.testng.test.TestNgFeatures.loginTest" finished-at="2018-09-04T16:40:15Z">
          <reporter-output>
          </reporter-output>
        </test-method> <!-- menuTest -->
        <test-method status="PASS" signature="registerPageTest()[pri:0, instance:com.testng.test.TestNgFeatures@ea1a8d5]" name="registerPageTest" duration-ms="3" started-at="2018-09-04T16:40:15Z" depends-on-methods="com.testng.test.TestNgFeatures.loginTest" finished-at="2018-09-04T16:40:15Z">
          <reporter-output>
          </reporter-output>
        </test-method> <!-- registerPageTest -->
      </class> <!-- com.testng.test.TestNgFeatures -->
    </test> <!-- Different testng feature test -->
  </suite> <!-- TestNG Tutorial Suite -->
</testng-results>
